#-----------------------------------------------------------
# Vivado v2018.2 (64-bit)
# SW Build 2258646 on Thu Jun 14 20:03:12 MDT 2018
# IP Build 2256618 on Thu Jun 14 22:10:49 MDT 2018
# Start of session at: Fri Apr 26 17:45:19 2019
# Process ID: 18428
# Current directory: D:/SmallSAT/cubedma/cubedma/project
# Command line: vivado.exe -gui_launcher_event rodinguilauncherevent25028 D:\SmallSAT\cubedma\cubedma\project\cubedma.xpr
# Log file: D:/SmallSAT/cubedma/cubedma/project/vivado.log
# Journal file: D:/SmallSAT/cubedma/cubedma/project\vivado.jou
#-----------------------------------------------------------
start_gui
open_project D:/SmallSAT/cubedma/cubedma/project/cubedma.xpr
Scanning sources...
Finished scanning sources
WARNING: [filemgmt 56-3] IPUserFilesDir: Could not find the directory 'D:/SmallSAT/cubedma/cubedma/project/cubedma.ip_user_files'.
INFO: [IP_Flow 19-234] Refreshing IP repositories
INFO: [IP_Flow 19-1700] Loaded user IP repository 'd:/smallsat/cubedma/cubedma'.
INFO: [IP_Flow 19-2313] Loaded Vivado IP repository 'C:/Xilinx/Vivado/2018.2/data/ip'.
WARNING: [IP_Flow 19-2162] IP 'axi_datamover_s2mm' is locked:
* IP definition 'AXI DataMover (5.1)' for IP 'axi_datamover_s2mm' (customized with software release 2017.4) has a different revision in the IP Catalog.
Please select 'Report IP Status' from the 'Tools/Report' menu or run Tcl command 'report_ip_status' for more information.
INFO: [Device 21-403] Loading part xc7z020clg484-1
WARNING: [IP_Flow 19-2162] IP 'blk_mem_tb' is locked:
* IP definition 'Block Memory Generator (8.3)' for IP 'blk_mem_tb' (customized with software release 2017.2.1) has a newer minor version in the IP Catalog.
Please select 'Report IP Status' from the 'Tools/Report' menu or run Tcl command 'report_ip_status' for more information.
WARNING: [IP_Flow 19-2162] IP 'blk_mem_tinymover_tb' is locked:
* IP definition 'Block Memory Generator (8.3)' for IP 'blk_mem_tinymover_tb' (customized with software release 2017.2.1) has a newer minor version in the IP Catalog.
Please select 'Report IP Status' from the 'Tools/Report' menu or run Tcl command 'report_ip_status' for more information.
WARNING: [IP_Flow 19-2162] IP 'axi_datamover_mm2s' is locked:
* IP definition 'AXI DataMover (5.1)' for IP 'axi_datamover_mm2s' (customized with software release 2017.4) has a different revision in the IP Catalog.
Please select 'Report IP Status' from the 'Tools/Report' menu or run Tcl command 'report_ip_status' for more information.
open_project: Time (s): cpu = 00:00:22 ; elapsed = 00:00:24 . Memory (MB): peak = 940.504 ; gain = 287.648
update_compile_order -fileset sources_1
